tugsav-bagisci-app/android/app/build/intermediates/manifest_merge_blame_file/release/manifest-merger-blame-release-report.txt
1<?xml version="1.0" encoding="utf-8"?>
2<manifest xmlns:android="http://schemas.android.com/apk/res/android"
3    package="com.tusav"
4    android:versionCode="1"
5    android:versionName="1.0" >
6
7    <uses-sdk
8        android:minSdkVersion="21"
8-->src/main/AndroidManifest.xml
9        android:targetSdkVersion="29" />
9-->src/main/AndroidManifest.xml
10
11    <uses-permission android:name="android.permission.INTERNET" />
11-->src/main/AndroidManifest.xml:4:5-67
11-->src/main/AndroidManifest.xml:4:22-64
12    <uses-permission android:name="android.permission.ACCESS_FINE_LOCATION" />
12-->src/main/AndroidManifest.xml:5:5-79
12-->src/main/AndroidManifest.xml:5:22-76
13    <uses-permission android:name="android.permission.CAMERA" />
13-->src/main/AndroidManifest.xml:6:5-65
13-->src/main/AndroidManifest.xml:6:22-62
14
15    <uses-feature
15-->[:react-native-camera] AndroidManifest.xml:11:5-13:36
16        android:name="android.hardware.camera"
16-->[:react-native-camera] AndroidManifest.xml:12:9-47
17        android:required="false" />
17-->[:react-native-camera] AndroidManifest.xml:13:9-33
18    <uses-feature
18-->[:react-native-camera] AndroidManifest.xml:14:5-16:36
19        android:name="android.hardware.camera.autofocus"
19-->[:react-native-camera] AndroidManifest.xml:15:9-57
20        android:required="false" />
20-->[:react-native-camera] AndroidManifest.xml:16:9-33
21
22    <uses-permission android:name="android.permission.ACCESS_COARSE_LOCATION" /> <!-- Include required permissions for Google Maps API to run. -->
22-->[:react-native-maps] AndroidManifest.xml:10:5-81
22-->[:react-native-maps] AndroidManifest.xml:10:22-78
23    <uses-permission android:name="android.permission.ACCESS_NETWORK_STATE" />
23-->[com.google.android.gms:play-services-maps:17.0.0] AndroidManifest.xml:23:5-79
23-->[com.google.android.gms:play-services-maps:17.0.0] AndroidManifest.xml:23:22-76
24
25    <uses-feature
25-->[com.google.android.gms:play-services-maps:17.0.0] AndroidManifest.xml:26:5-28:35
26        android:glEsVersion="0x00020000"
26-->[com.google.android.gms:play-services-maps:17.0.0] AndroidManifest.xml:27:9-41
27        android:required="true" />
27-->[com.google.android.gms:play-services-maps:17.0.0] AndroidManifest.xml:28:9-32
28
29    <application
29-->src/main/AndroidManifest.xml:8:5-28:19
30        android:name="com.tusav.MainApplication"
30-->src/main/AndroidManifest.xml:9:7-38
31        android:allowBackup="false"
31-->src/main/AndroidManifest.xml:13:7-34
32        android:appComponentFactory="androidx.core.app.CoreComponentFactory"
32-->[androidx.core:core:1.1.0] AndroidManifest.xml:24:18-86
33        android:icon="@mipmap/ic_launcher"
33-->src/main/AndroidManifest.xml:11:7-41
34        android:label="@string/app_name"
34-->src/main/AndroidManifest.xml:10:7-39
35        android:roundIcon="@mipmap/ic_launcher_round"
35-->src/main/AndroidManifest.xml:12:7-52
36        android:theme="@style/AppTheme" >
36-->src/main/AndroidManifest.xml:14:7-38
37        <activity
37-->src/main/AndroidManifest.xml:15:7-25:18
38            android:name="com.tusav.MainActivity"
38-->src/main/AndroidManifest.xml:16:9-37
39            android:configChanges="keyboard|keyboardHidden|orientation|screenSize|uiMode"
39-->src/main/AndroidManifest.xml:18:9-86
40            android:label="@string/app_name"
40-->src/main/AndroidManifest.xml:17:9-41
41            android:launchMode="singleTask"
41-->src/main/AndroidManifest.xml:19:9-40
42            android:windowSoftInputMode="adjustResize" >
42-->src/main/AndroidManifest.xml:20:9-51
43            <intent-filter>
43-->src/main/AndroidManifest.xml:21:9-24:25
44                <action android:name="android.intent.action.MAIN" />
44-->src/main/AndroidManifest.xml:22:13-65
44-->src/main/AndroidManifest.xml:22:21-62
45
46                <category android:name="android.intent.category.LAUNCHER" />
46-->src/main/AndroidManifest.xml:23:13-73
46-->src/main/AndroidManifest.xml:23:23-70
47            </intent-filter>
48        </activity>
49
50        <meta-data
50-->src/main/AndroidManifest.xml:26:7-121
51            android:name="com.google.android.geo.API_KEY"
51-->src/main/AndroidManifest.xml:26:18-63
52            android:value="AIzaSyAx8PsKvGf8qbqoizD1ULKjPP05F03MtIs" />
52-->src/main/AndroidManifest.xml:26:64-119
53
54        <uses-library
54-->src/main/AndroidManifest.xml:27:7-85
55            android:name="org.apache.http.legacy"
55-->src/main/AndroidManifest.xml:27:21-58
56            android:required="false" />
56-->src/main/AndroidManifest.xml:27:59-83
57
58        <activity
58-->[com.google.android.gms:play-services-base:17.0.0] AndroidManifest.xml:23:9-26:75
59            android:name="com.google.android.gms.common.api.GoogleApiActivity"
59-->[com.google.android.gms:play-services-base:17.0.0] AndroidManifest.xml:24:13-79
60            android:exported="false"
60-->[com.google.android.gms:play-services-base:17.0.0] AndroidManifest.xml:25:13-37
61            android:theme="@android:style/Theme.Translucent.NoTitleBar" />
61-->[com.google.android.gms:play-services-base:17.0.0] AndroidManifest.xml:26:13-72
62
63        <meta-data
63-->[com.google.android.gms:play-services-basement:17.0.0] AndroidManifest.xml:23:9-25:69
64            android:name="com.google.android.gms.version"
64-->[com.google.android.gms:play-services-basement:17.0.0] AndroidManifest.xml:24:13-58
65            android:value="@integer/google_play_services_version" />
65-->[com.google.android.gms:play-services-basement:17.0.0] AndroidManifest.xml:25:13-66
66    </application>
67
68</manifest>